customtabs/build/outputs/logs/manifest-merger-debug-report.txt
-- Merging decision tree log ---
manifest
ADDED from praveen\customtabs\AndroidManifest.xml:17:1-20:12
INJECTED from praveen\customtabs\AndroidManifest.xml:17:1-20:12
INJECTED from praveen\customtabs\AndroidManifest.xml:17:1-20:12
	package
		ADDED from praveen\customtabs\AndroidManifest.xml:18:11-47
		INJECTED from praveen\customtabs\AndroidManifest.xml
		INJECTED from praveen\customtabs\AndroidManifest.xml
	xmlns:android
		ADDED from praveen\customtabs\AndroidManifest.xml:17:11-69
uses-sdk
ADDED from praveen\customtabs\AndroidManifest.xml:19:5-43
INJECTED from praveen\customtabs\AndroidManifest.xml:19:5-43
INJECTED from praveen\customtabs\AndroidManifest.xml:19:5-43
	android:minSdkVersion
		ADDED from praveen\customtabs\AndroidManifest.xml:19:15-41
		INJECTED from praveen\customtabs\AndroidManifest.xml
		INJECTED from praveen\customtabs\AndroidManifest.xml